Using pre-set license
Built from '2021.3/release' branch; Version is '2021.3.12f1 (8af3c3e441b1) revision 9106371'; Using compiler version '192829333'; Build Type 'Release'
OS: 'Windows 11  (10.0.22621) 64bit CoreSingleLanguage' Language: 'en' Physical Memory: 3918 MB
BatchMode: 1, IsHumanControllingUs: 0, StartBugReporterOnCrash: 0, Is64bit: 1, IsPro: 1

COMMAND LINE ARGUMENTS:
C:\Program Files\Unity\Hub\Editor\2021.3.12f1\Editor\Unity.exe
-adb2
-batchMode
-noUpm
-name
AssetImportWorker12
-projectPath
C:/Users/Asus/OneDrive/Documents/GitHub/Mini-Golf/Mini-Golf
-logFile
Logs/AssetImportWorker12.log
-srvPort
49706
Successfully changed project path to: C:/Users/Asus/OneDrive/Documents/GitHub/Mini-Golf/Mini-Golf
C:/Users/Asus/OneDrive/Documents/GitHub/Mini-Golf/Mini-Golf
[UnityMemory] Configuration Parameters - Can be set up in boot.config
    "memorysetup-bucket-allocator-granularity=16"
    "memorysetup-bucket-allocator-bucket-count=8"
    "memorysetup-bucket-allocator-block-size=33554432"
    "memorysetup-bucket-allocator-block-count=8"
    "memorysetup-main-allocator-block-size=16777216"
    "memorysetup-thread-allocator-block-size=16777216"
    "memorysetup-gfx-main-allocator-block-size=16777216"
    "memorysetup-gfx-thread-allocator-block-size=16777216"
    "memorysetup-cache-allocator-block-size=4194304"
    "memorysetup-typetree-allocator-block-size=2097152"
    "memorysetup-profiler-bucket-allocator-granularity=16"
    "memorysetup-profiler-bucket-allocator-bucket-count=8"
    "memorysetup-profiler-bucket-allocator-block-size=33554432"
    "memorysetup-profiler-bucket-allocator-block-count=8"
    "memorysetup-profiler-allocator-block-size=16777216"
    "memorysetup-profiler-editor-allocator-block-size=1048576"
    "memorysetup-temp-allocator-size-main=16777216"
    "memorysetup-job-temp-allocator-block-size=2097152"
    "memorysetup-job-temp-allocator-block-size-background=1048576"
    "memorysetup-job-temp-allocator-reduction-small-platforms=262144"
    "memorysetup-temp-allocator-size-background-worker=32768"
    "memorysetup-temp-allocator-size-job-worker=262144"
    "memorysetup-temp-allocator-size-preload-manager=33554432"
    "memorysetup-temp-allocator-size-nav-mesh-worker=65536"
    "memorysetup-temp-allocator-size-audio-worker=65536"
    "memorysetup-temp-allocator-size-cloud-worker=32768"
    "memorysetup-temp-allocator-size-gi-baking-worker=262144"
    "memorysetup-temp-allocator-size-gfx=262144"
Refreshing native plugins compatible for Editor in 882.96 ms, found 3 plugins.
Preloading 0 native plugins for Editor in 0.00 ms.
Initialize engine version: 2021.3.12f1 (8af3c3e441b1)
[Subsystems] Discovering subsystems at path C:/Program Files/Unity/Hub/Editor/2021.3.12f1/Editor/Data/Resources/UnitySubsystems
[Subsystems] Discovering subsystems at path C:/Users/Asus/OneDrive/Documents/GitHub/Mini-Golf/Mini-Golf/Assets
GfxDevice: creating device client; threaded=0; jobified=0
Direct3D:
    Version:  Direct3D 11.0 [level 11.1]
    Renderer: Intel(R) UHD Graphics 600 (ID=0x3185)
    Vendor:   Intel
    VRAM:     1959 MB
    Driver:   27.20.100.8681
Initialize mono
Mono path[0] = 'C:/Program Files/Unity/Hub/Editor/2021.3.12f1/Editor/Data/Managed'
Mono path[1] = 'C:/Program Files/Unity/Hub/Editor/2021.3.12f1/Editor/Data/MonoBleedingEdge/lib/mono/unityjit-win32'
Mono config path = 'C:/Program Files/Unity/Hub/Editor/2021.3.12f1/Editor/Data/MonoBleedingEdge/etc'
Using monoOptions --debugger-agent=transport=dt_socket,embedding=1,server=y,suspend=n,address=127.0.0.1:56480
Begin MonoManager ReloadAssembly
Registering precompiled unity dll's ...
Register platform support module: C:/Program Files/Unity/Hub/Editor/2021.3.12f1/Editor/Data/PlaybackEngines/WebGLSupport/UnityEditor.WebGL.Extensions.dll
Register platform support module: C:/Program Files/Unity/Hub/Editor/2021.3.12f1/Editor/Data/PlaybackEngines/AndroidPlayer/UnityEditor.Android.Extensions.dll
Register platform support module: C:/Program Files/Unity/Hub/Editor/2021.3.12f1/Editor/Data/PlaybackEngines/iOSSupport/UnityEditor.iOS.Extensions.dll
Register platform support module: C:/Program Files/Unity/Hub/Editor/2021.3.12f1/Editor/Data/PlaybackEngines/WindowsStandaloneSupport/UnityEditor.WindowsStandalone.Extensions.dll
Registered in 0.024436 seconds.
Native extension for WindowsStandalone target not found
[usbmuxd] Start listen thread
Native extension for iOS target not found
[usbmuxd] Listen thread started
Native extension for Android target not found
Native extension for WebGL target not found
Refreshing native plugins compatible for Editor in 344.07 ms, found 3 plugins.
Preloading 0 native plugins for Editor in 0.00 ms.
Mono: successfully reloaded assembly
- Completed reload, in  2.830 seconds
Domain Reload Profiling:
	ReloadAssembly (2832ms)
		BeginReloadAssembly (360ms)
			ExecutionOrderSort (0ms)
			DisableScriptedObjects (0ms)
			BackupInstance (0ms)
			ReleaseScriptingObjects (0ms)
			CreateAndSetChildDomain (3ms)
		EndReloadAssembly (2010ms)
			LoadAssemblies (357ms)
			RebuildTransferFunctionScriptingTraits (0ms)
			SetupTypeCache (401ms)
			ReleaseScriptCaches (0ms)
			RebuildScriptCaches (108ms)
			SetupLoadedEditorAssemblies (1269ms)
				LogAssemblyErrors (0ms)
				InitializePlatformSupportModulesInManaged (220ms)
				SetLoadedEditorAssemblies (1ms)
				RefreshPlugins (344ms)
				BeforeProcessingInitializeOnLoad (3ms)
				ProcessInitializeOnLoadAttributes (441ms)
				ProcessInitializeOnLoadMethodAttributes (259ms)
				AfterProcessingInitializeOnLoad (0ms)
				EditorAssembliesLoaded (0ms)
			ExecutionOrderSort2 (0ms)
			AwakeInstancesAfterBackupRestoration (0ms)
Platform modules already initialized, skipping
Registering precompiled user dll's ...
Registered in 0.171803 seconds.
Begin MonoManager ReloadAssembly
Symbol file LoadedFromMemory doesn't match image C:\Users\Asus\OneDrive\Documents\GitHub\Mini-Golf\Mini-Golf\Library\PackageCache\com.unity.visualscripting@1.7.8\Editor\VisualScripting.Core\Dependencies\YamlDotNet\Unity.VisualScripting.YamlDotNet.dll
Symbol file LoadedFromMemory doesn't match image C:\Users\Asus\OneDrive\Documents\GitHub\Mini-Golf\Mini-Golf\Library\PackageCache\com.unity.visualscripting@1.7.8\Editor\VisualScripting.Core\Dependencies\DotNetZip\Unity.VisualScripting.IonicZip.dll
Native extension for WindowsStandalone target not found
Native extension for iOS target not found
Native extension for Android target not found
Native extension for WebGL target not found
Refreshing native plugins compatible for Editor in 6.00 ms, found 3 plugins.
Preloading 0 native plugins for Editor in 0.00 ms.
Mono: successfully reloaded assembly
- Completed reload, in  9.922 seconds
Domain Reload Profiling:
	ReloadAssembly (9924ms)
		BeginReloadAssembly (1799ms)
			ExecutionOrderSort (0ms)
			DisableScriptedObjects (29ms)
			BackupInstance (0ms)
			ReleaseScriptingObjects (7ms)
			CreateAndSetChildDomain (1233ms)
		EndReloadAssembly (7374ms)
			LoadAssemblies (666ms)
			RebuildTransferFunctionScriptingTraits (0ms)
			SetupTypeCache (3027ms)
			ReleaseScriptCaches (2ms)
			RebuildScriptCaches (212ms)
			SetupLoadedEditorAssemblies (3472ms)
				LogAssemblyErrors (0ms)
				InitializePlatformSupportModulesInManaged (128ms)
				SetLoadedEditorAssemblies (1ms)
				RefreshPlugins (6ms)
				BeforeProcessingInitializeOnLoad (452ms)
				ProcessInitializeOnLoadAttributes (2769ms)
				ProcessInitializeOnLoadMethodAttributes (96ms)
				AfterProcessingInitializeOnLoad (19ms)
				EditorAssembliesLoaded (1ms)
			ExecutionOrderSort2 (0ms)
			AwakeInstancesAfterBackupRestoration (14ms)
Platform modules already initialized, skipping
========================================================================
Worker process is ready to serve import requests
Launched and connected shader compiler UnityShaderCompiler.exe after 0.24 seconds
Refreshing native plugins compatible for Editor in 1.60 ms, found 3 plugins.
Preloading 0 native plugins for Editor in 0.00 ms.
Unloading 3590 Unused Serialized files (Serialized files now loaded: 0)
Unloading 42 unused Assets / (184.7 KB). Loaded Objects now: 4053.
Memory consumption went from 124.3 MB to 124.1 MB.
Total: 14.762100 ms (FindLiveObjects: 1.454900 ms CreateObjectMapping: 0.660900 ms MarkObjects: 12.011900 ms  DeleteObjects: 0.631700 ms)

AssetImportParameters requested are different than current active one (requested -> active):
  custom:video-decoder-ogg-theora: a1e56fd34408186e4bbccfd4996cb3dc -> 
  custom:container-muxer-webm: aa71ff27fc2769a1b78a27578f13a17b -> 
  custom:container-demuxer-webm: 4f35f7cbe854078d1ac9338744f61a02 -> 
  custom:video-encoder-webm-vp8: eb34c28f22e8b96e1ab97ce403110664 -> 
  custom:audio-encoder-webm-vorbis: bf7c407c2cedff20999df2af8eb42d56 -> 
  custom:framework-win-MediaFoundation: 216162199b28c13a410421893ffa2e32 -> 
  custom:container-demuxer-ogg: 62fdf1f143b41e24485cea50d1cbac27 -> 
  custom:video-decoder-webm-vp8: 9c59270c3fd7afecdb556c50c9e8de78 -> 
  custom:audio-decoder-ogg-vorbis: bf7c407c2cedff20999df2af8eb42d56 -> 
========================================================================
Received Import Request.
  Time since last request: 5104.997551 seconds.
  path: Assets/Samples/Cinemachine/2.8.9/Cinemachine Example Scenes/Shared/Materials/Ground.mat
  artifactKey: Guid(f993b29f4cc364a4eaf7bbf9086de313) Importer(815301076,1909f56bfc062723c751e8b465ee728b)
Start importing Assets/Samples/Cinemachine/2.8.9/Cinemachine Example Scenes/Shared/Materials/Ground.mat using Guid(f993b29f4cc364a4eaf7bbf9086de313) Importer(815301076,1909f56bfc062723c751e8b465ee728b)  -> (artifact id: '99e80612637ef06062a1a01e4406e1b1') in 1.848934 seconds 
========================================================================
Received Import Request.
  Time since last request: 0.001767 seconds.
  path: Assets/Samples/Cinemachine/2.8.9/Cinemachine Example Scenes/Scenes/Anywhere Door/Materials/Pink.mat
  artifactKey: Guid(764fcb585f1f34a6da8ae3fca76c1261) Importer(815301076,1909f56bfc062723c751e8b465ee728b)
Start importing Assets/Samples/Cinemachine/2.8.9/Cinemachine Example Scenes/Scenes/Anywhere Door/Materials/Pink.mat using Guid(764fcb585f1f34a6da8ae3fca76c1261) Importer(815301076,1909f56bfc062723c751e8b465ee728b)  -> (artifact id: '45ce58dcbf2569787b9e68666f52a494') in 1.168302 seconds 
========================================================================
Received Import Request.
  Time since last request: 0.003784 seconds.
  path: Assets/Samples/Cinemachine/2.8.9/Cinemachine Example Scenes/Shared/Materials/GridBox_Trigger.mat
  artifactKey: Guid(850a1a07bd7c8e24a8e518501c065b86) Importer(815301076,1909f56bfc062723c751e8b465ee728b)
Start importing Assets/Samples/Cinemachine/2.8.9/Cinemachine Example Scenes/Shared/Materials/GridBox_Trigger.mat using Guid(850a1a07bd7c8e24a8e518501c065b86) Importer(815301076,1909f56bfc062723c751e8b465ee728b)  -> (artifact id: 'bba55aac3d2a734e4d248eccd78d7fe4') in 0.580048 seconds 
========================================================================
Received Import Request.
  Time since last request: 0.000054 seconds.
  path: Assets/Samples/Cinemachine/2.8.9/Cinemachine Example Scenes/Shared/Materials/Trigger.mat
  artifactKey: Guid(f5ec88a687cc6d9448380f21861d57ab) Importer(815301076,1909f56bfc062723c751e8b465ee728b)
Start importing Assets/Samples/Cinemachine/2.8.9/Cinemachine Example Scenes/Shared/Materials/Trigger.mat using Guid(f5ec88a687cc6d9448380f21861d57ab) Importer(815301076,1909f56bfc062723c751e8b465ee728b)  -> (artifact id: 'e3851ae1ff7a85ecc5fed15fc72212eb') in 0.322615 seconds 
========================================================================
Received Import Request.
  Time since last request: 0.005588 seconds.
  path: Assets/Samples/Cinemachine/2.8.9/Cinemachine Example Scenes/Shared/Models/UnityCharacter/Models/Materials/DefaultMale_Mat.mat
  artifactKey: Guid(d7f8b496adee38e4a9edc877d5939f5b) Importer(815301076,1909f56bfc062723c751e8b465ee728b)
Start importing Assets/Samples/Cinemachine/2.8.9/Cinemachine Example Scenes/Shared/Models/UnityCharacter/Models/Materials/DefaultMale_Mat.mat using Guid(d7f8b496adee38e4a9edc877d5939f5b) Importer(815301076,1909f56bfc062723c751e8b465ee728b)  -> (artifact id: '4a9d29833c58a2693bb127e669cb8f44') in 0.603080 seconds 
========================================================================
Received Import Request.
  Time since last request: 0.000133 seconds.
  path: Assets/Samples/Cinemachine/2.8.9/Cinemachine Example Scenes/Scenes/Anywhere Door/Materials/CAM1.mat
  artifactKey: Guid(e27c6515627c1451b9c20d5af1e8b528) Importer(815301076,1909f56bfc062723c751e8b465ee728b)
Start importing Assets/Samples/Cinemachine/2.8.9/Cinemachine Example Scenes/Scenes/Anywhere Door/Materials/CAM1.mat using Guid(e27c6515627c1451b9c20d5af1e8b528) Importer(815301076,1909f56bfc062723c751e8b465ee728b)  -> (artifact id: '8e5cd0c3b07d0c9eaef6e86ce95d964d') in 0.509816 seconds 
========================================================================
Received Import Request.
  Time since last request: 0.011832 seconds.
  path: Assets/Samples/Cinemachine/2.8.9/Cinemachine Example Scenes/Shared/Materials/Default_Prototype.mat
  artifactKey: Guid(55296d1b6ee54e14e8eb4648d4b448ee) Importer(815301076,1909f56bfc062723c751e8b465ee728b)
Start importing Assets/Samples/Cinemachine/2.8.9/Cinemachine Example Scenes/Shared/Materials/Default_Prototype.mat using Guid(55296d1b6ee54e14e8eb4648d4b448ee) Importer(815301076,1909f56bfc062723c751e8b465ee728b)  -> (artifact id: '9626c83deadec15f78ef9f041e0478b6') in 2.427840 seconds 
========================================================================
Received Import Request.
  Time since last request: 0.000047 seconds.
  path: Assets/Samples/Cinemachine/2.8.9/Cinemachine Example Scenes/Shared/Materials/checkerboard.mat
  artifactKey: Guid(aea07daa020335f438315c12fb1afe47) Importer(815301076,1909f56bfc062723c751e8b465ee728b)
Start importing Assets/Samples/Cinemachine/2.8.9/Cinemachine Example Scenes/Shared/Materials/checkerboard.mat using Guid(aea07daa020335f438315c12fb1afe47) Importer(815301076,1909f56bfc062723c751e8b465ee728b)  -> (artifact id: '385ddb53fd2668b215eb7b9d68951c70') in 0.412107 seconds 
========================================================================
Received Import Request.
  Time since last request: 0.000073 seconds.
  path: Assets/Samples/Cinemachine/2.8.9/Cinemachine Example Scenes/Shared/Materials/RedThing.mat
  artifactKey: Guid(768ffdf2b6949054488c74579e87288b) Importer(815301076,1909f56bfc062723c751e8b465ee728b)
Start importing Assets/Samples/Cinemachine/2.8.9/Cinemachine Example Scenes/Shared/Materials/RedThing.mat using Guid(768ffdf2b6949054488c74579e87288b) Importer(815301076,1909f56bfc062723c751e8b465ee728b)  -> (artifact id: '03de424b1797fc6a77ee7a2f0078cb3f') in 0.382108 seconds 
========================================================================
Received Import Request.
  Time since last request: 0.000965 seconds.
  path: Assets/Samples/Cinemachine/2.8.9/Cinemachine Example Scenes/Shared/Materials/Default_Prototype_Blue.mat
  artifactKey: Guid(89db8b11e2538314a89bde42040c3c94) Importer(815301076,1909f56bfc062723c751e8b465ee728b)
Start importing Assets/Samples/Cinemachine/2.8.9/Cinemachine Example Scenes/Shared/Materials/Default_Prototype_Blue.mat using Guid(89db8b11e2538314a89bde42040c3c94) Importer(815301076,1909f56bfc062723c751e8b465ee728b)  -> (artifact id: 'c4a056d6bd6c691de85d5ecbb6c33b3f') in 0.355307 seconds 
========================================================================
Received Import Request.
  Time since last request: 0.000050 seconds.
  path: Assets/Samples/Cinemachine/2.8.9/Cinemachine Example Scenes/Scenes/Anywhere Door/Materials/Green.mat
  artifactKey: Guid(53fb4968835b349fb81f8de35f2f5cc4) Importer(815301076,1909f56bfc062723c751e8b465ee728b)
Start importing Assets/Samples/Cinemachine/2.8.9/Cinemachine Example Scenes/Scenes/Anywhere Door/Materials/Green.mat using Guid(53fb4968835b349fb81f8de35f2f5cc4) Importer(815301076,1909f56bfc062723c751e8b465ee728b)  -> (artifact id: '4d3e5767b4fe64f52d1ea531ae3c66a2') in 0.336778 seconds 
========================================================================
Received Import Request.
  Time since last request: 0.001099 seconds.
  path: Assets/Samples/Cinemachine/2.8.9/Cinemachine Example Scenes/Scenes/Anywhere Door/Materials/Skybox_Mat.mat
  artifactKey: Guid(0ffaa0b7117ba8c47a9d05ae701d4b4d) Importer(815301076,1909f56bfc062723c751e8b465ee728b)
Start importing Assets/Samples/Cinemachine/2.8.9/Cinemachine Example Scenes/Scenes/Anywhere Door/Materials/Skybox_Mat.mat using Guid(0ffaa0b7117ba8c47a9d05ae701d4b4d) Importer(815301076,1909f56bfc062723c751e8b465ee728b)  -> (artifact id: '07ea7a2e914d27b8e60530ba832f0119') in 1.543773 seconds 
========================================================================
Received Import Request.
  Time since last request: 0.000051 seconds.
  path: Assets/Samples/Cinemachine/2.8.9/Cinemachine Example Scenes/Scenes/FadeOutNearbyObjects/FadeOut.mat
  artifactKey: Guid(c43213e1494d8486881b6aa626ebee03) Importer(815301076,1909f56bfc062723c751e8b465ee728b)
Start importing Assets/Samples/Cinemachine/2.8.9/Cinemachine Example Scenes/Scenes/FadeOutNearbyObjects/FadeOut.mat using Guid(c43213e1494d8486881b6aa626ebee03) Importer(815301076,1909f56bfc062723c751e8b465ee728b)  -> (artifact id: '0d8790ba3cdadb4cc405892cec382b12') in 1.013811 seconds 
========================================================================
Received Import Request.
  Time since last request: 0.000998 seconds.
  path: Assets/Samples/Cinemachine/2.8.9/Cinemachine Example Scenes/Shared/Materials/Ground big.mat
  artifactKey: Guid(0e079ef97504e314080afe2ab2599e87) Importer(815301076,1909f56bfc062723c751e8b465ee728b)
Start importing Assets/Samples/Cinemachine/2.8.9/Cinemachine Example Scenes/Shared/Materials/Ground big.mat using Guid(0e079ef97504e314080afe2ab2599e87) Importer(815301076,1909f56bfc062723c751e8b465ee728b)  -> (artifact id: '0d5a90c4ab04cd3e7e52bd523c08a3f2') in 0.340638 seconds 
========================================================================
Received Import Request.
  Time since last request: 0.000141 seconds.
  path: Assets/Samples/Cinemachine/2.8.9/Cinemachine Example Scenes/Scenes/Anywhere Door/Materials/CAM2.mat
  artifactKey: Guid(1ef400092819e4ad0a2e285c635697a4) Importer(815301076,1909f56bfc062723c751e8b465ee728b)
Start importing Assets/Samples/Cinemachine/2.8.9/Cinemachine Example Scenes/Scenes/Anywhere Door/Materials/CAM2.mat using Guid(1ef400092819e4ad0a2e285c635697a4) Importer(815301076,1909f56bfc062723c751e8b465ee728b)  -> (artifact id: 'a3b7d5ae7760775cf583e81156e17ef8') in 0.228482 seconds 
========================================================================
Received Import Request.
  Time since last request: 0.000503 seconds.
  path: Assets/Material/blue.mat
  artifactKey: Guid(19c28eba9d72da148bc17c5a003acbf9) Importer(815301076,1909f56bfc062723c751e8b465ee728b)
Start importing Assets/Material/blue.mat using Guid(19c28eba9d72da148bc17c5a003acbf9) Importer(815301076,1909f56bfc062723c751e8b465ee728b)  -> (artifact id: 'd342bac92cd42e0799b05c3b894ddaf1') in 0.270365 seconds 
========================================================================
Received Prepare
Registering precompiled user dll's ...
Registered in 0.098645 seconds.
Begin MonoManager ReloadAssembly
Symbol file LoadedFromMemory doesn't match image C:\Users\Asus\OneDrive\Documents\GitHub\Mini-Golf\Mini-Golf\Library\PackageCache\com.unity.visualscripting@1.7.8\Editor\VisualScripting.Core\Dependencies\YamlDotNet\Unity.VisualScripting.YamlDotNet.dll
Symbol file LoadedFromMemory doesn't match image C:\Users\Asus\OneDrive\Documents\GitHub\Mini-Golf\Mini-Golf\Library\PackageCache\com.unity.visualscripting@1.7.8\Editor\VisualScripting.Core\Dependencies\DotNetZip\Unity.VisualScripting.IonicZip.dll
Native extension for WindowsStandalone target not found
Native extension for iOS target not found
Native extension for Android target not found
Native extension for WebGL target not found
Refreshing native plugins compatible for Editor in 1.79 ms, found 3 plugins.
Preloading 0 native plugins for Editor in 0.00 ms.
Mono: successfully reloaded assembly
- Completed reload, in 10.427 seconds
Domain Reload Profiling:
	ReloadAssembly (10438ms)
		BeginReloadAssembly (3165ms)
			ExecutionOrderSort (3ms)
			DisableScriptedObjects (121ms)
			BackupInstance (0ms)
			ReleaseScriptingObjects (1ms)
			CreateAndSetChildDomain (1555ms)
		EndReloadAssembly (6560ms)
			LoadAssemblies (1184ms)
			RebuildTransferFunctionScriptingTraits (13ms)
			SetupTypeCache (2582ms)
			ReleaseScriptCaches (4ms)
			RebuildScriptCaches (285ms)
			SetupLoadedEditorAssemblies (2807ms)
				LogAssemblyErrors (0ms)
				InitializePlatformSupportModulesInManaged (245ms)
				SetLoadedEditorAssemblies (3ms)
				RefreshPlugins (2ms)
				BeforeProcessingInitializeOnLoad (985ms)
				ProcessInitializeOnLoadAttributes (1438ms)
				ProcessInitializeOnLoadMethodAttributes (112ms)
				AfterProcessingInitializeOnLoad (20ms)
				EditorAssembliesLoaded (1ms)
			ExecutionOrderSort2 (0ms)
			AwakeInstancesAfterBackupRestoration (32ms)
Platform modules already initialized, skipping
Refreshing native plugins compatible for Editor in 13.86 ms, found 3 plugins.
Preloading 0 native plugins for Editor in 0.00 ms.
Unloading 3583 Unused Serialized files (Serialized files now loaded: 0)
Unloading 23 unused Assets / (151.5 KB). Loaded Objects now: 4110.
Memory consumption went from 128.7 MB to 128.5 MB.
Total: 19.247000 ms (FindLiveObjects: 2.529800 ms CreateObjectMapping: 0.456400 ms MarkObjects: 15.415300 ms  DeleteObjects: 0.842600 ms)

AssetImportParameters requested are different than current active one (requested -> active):
  custom:video-decoder-ogg-theora: a1e56fd34408186e4bbccfd4996cb3dc -> 
  custom:container-muxer-webm: aa71ff27fc2769a1b78a27578f13a17b -> 
  custom:container-demuxer-webm: 4f35f7cbe854078d1ac9338744f61a02 -> 
  custom:video-encoder-webm-vp8: eb34c28f22e8b96e1ab97ce403110664 -> 
  custom:audio-encoder-webm-vorbis: bf7c407c2cedff20999df2af8eb42d56 -> 
  custom:framework-win-MediaFoundation: 216162199b28c13a410421893ffa2e32 -> 
  custom:container-demuxer-ogg: 62fdf1f143b41e24485cea50d1cbac27 -> 
  custom:video-decoder-webm-vp8: 9c59270c3fd7afecdb556c50c9e8de78 -> 
  custom:audio-decoder-ogg-vorbis: bf7c407c2cedff20999df2af8eb42d56 -> 
========================================================================
Received Prepare
Registering precompiled user dll's ...
Registered in 0.084775 seconds.
Begin MonoManager ReloadAssembly
Symbol file LoadedFromMemory doesn't match image C:\Users\Asus\OneDrive\Documents\GitHub\Mini-Golf\Mini-Golf\Library\PackageCache\com.unity.visualscripting@1.7.8\Editor\VisualScripting.Core\Dependencies\YamlDotNet\Unity.VisualScripting.YamlDotNet.dll
Symbol file LoadedFromMemory doesn't match image C:\Users\Asus\OneDrive\Documents\GitHub\Mini-Golf\Mini-Golf\Library\PackageCache\com.unity.visualscripting@1.7.8\Editor\VisualScripting.Core\Dependencies\DotNetZip\Unity.VisualScripting.IonicZip.dll
Native extension for WindowsStandalone target not found
Native extension for iOS target not found
Native extension for Android target not found
Native extension for WebGL target not found
Refreshing native plugins compatible for Editor in 2.16 ms, found 3 plugins.
Preloading 0 native plugins for Editor in 0.00 ms.
Mono: successfully reloaded assembly
- Completed reload, in  8.758 seconds
Domain Reload Profiling:
	ReloadAssembly (8762ms)
		BeginReloadAssembly (1718ms)
			ExecutionOrderSort (0ms)
			DisableScriptedObjects (40ms)
			BackupInstance (0ms)
			ReleaseScriptingObjects (0ms)
			CreateAndSetChildDomain (499ms)
		EndReloadAssembly (6326ms)
			LoadAssemblies (1320ms)
			RebuildTransferFunctionScriptingTraits (2ms)
			SetupTypeCache (2571ms)
			ReleaseScriptCaches (5ms)
			RebuildScriptCaches (363ms)
			SetupLoadedEditorAssemblies (2277ms)
				LogAssemblyErrors (0ms)
				InitializePlatformSupportModulesInManaged (161ms)
				SetLoadedEditorAssemblies (2ms)
				RefreshPlugins (2ms)
				BeforeProcessingInitializeOnLoad (691ms)
				ProcessInitializeOnLoadAttributes (1214ms)
				ProcessInitializeOnLoadMethodAttributes (151ms)
				AfterProcessingInitializeOnLoad (56ms)
				EditorAssembliesLoaded (1ms)
			ExecutionOrderSort2 (0ms)
			AwakeInstancesAfterBackupRestoration (30ms)
Platform modules already initialized, skipping
Refreshing native plugins compatible for Editor in 7.76 ms, found 3 plugins.
Preloading 0 native plugins for Editor in 0.00 ms.
Unloading 3583 Unused Serialized files (Serialized files now loaded: 0)
Unloading 23 unused Assets / (151.4 KB). Loaded Objects now: 4125.
Memory consumption went from 128.7 MB to 128.5 MB.
Total: 9.868500 ms (FindLiveObjects: 0.990000 ms CreateObjectMapping: 0.272100 ms MarkObjects: 7.810000 ms  DeleteObjects: 0.793300 ms)

AssetImportParameters requested are different than current active one (requested -> active):
  custom:video-decoder-ogg-theora: a1e56fd34408186e4bbccfd4996cb3dc -> 
  custom:container-muxer-webm: aa71ff27fc2769a1b78a27578f13a17b -> 
  custom:container-demuxer-webm: 4f35f7cbe854078d1ac9338744f61a02 -> 
  custom:video-encoder-webm-vp8: eb34c28f22e8b96e1ab97ce403110664 -> 
  custom:audio-encoder-webm-vorbis: bf7c407c2cedff20999df2af8eb42d56 -> 
  custom:framework-win-MediaFoundation: 216162199b28c13a410421893ffa2e32 -> 
  custom:container-demuxer-ogg: 62fdf1f143b41e24485cea50d1cbac27 -> 
  custom:video-decoder-webm-vp8: 9c59270c3fd7afecdb556c50c9e8de78 -> 
  custom:audio-decoder-ogg-vorbis: bf7c407c2cedff20999df2af8eb42d56 -> 
========================================================================
Received Prepare
Registering precompiled user dll's ...
Registered in 0.519572 seconds.
Begin MonoManager ReloadAssembly
Symbol file LoadedFromMemory doesn't match image C:\Users\Asus\OneDrive\Documents\GitHub\Mini-Golf\Mini-Golf\Library\PackageCache\com.unity.visualscripting@1.7.8\Editor\VisualScripting.Core\Dependencies\YamlDotNet\Unity.VisualScripting.YamlDotNet.dll
Symbol file LoadedFromMemory doesn't match image C:\Users\Asus\OneDrive\Documents\GitHub\Mini-Golf\Mini-Golf\Library\PackageCache\com.unity.visualscripting@1.7.8\Editor\VisualScripting.Core\Dependencies\DotNetZip\Unity.VisualScripting.IonicZip.dll
Native extension for WindowsStandalone target not found
Native extension for iOS target not found
Native extension for Android target not found
Native extension for WebGL target not found
Refreshing native plugins compatible for Editor in 2.57 ms, found 3 plugins.
Preloading 0 native plugins for Editor in 0.00 ms.
Mono: successfully reloaded assembly
- Completed reload, in  7.922 seconds
Domain Reload Profiling:
	ReloadAssembly (7929ms)
		BeginReloadAssembly (1995ms)
			ExecutionOrderSort (0ms)
			DisableScriptedObjects (67ms)
			BackupInstance (0ms)
			ReleaseScriptingObjects (0ms)
			CreateAndSetChildDomain (585ms)
		EndReloadAssembly (5285ms)
			LoadAssemblies (1073ms)
			RebuildTransferFunctionScriptingTraits (0ms)
			SetupTypeCache (1612ms)
			ReleaseScriptCaches (7ms)
			RebuildScriptCaches (202ms)
			SetupLoadedEditorAssemblies (2845ms)
				LogAssemblyErrors (0ms)
				InitializePlatformSupportModulesInManaged (162ms)
				SetLoadedEditorAssemblies (3ms)
				RefreshPlugins (3ms)
				BeforeProcessingInitializeOnLoad (442ms)
				ProcessInitializeOnLoadAttributes (1993ms)
				ProcessInitializeOnLoadMethodAttributes (217ms)
				AfterProcessingInitializeOnLoad (25ms)
				EditorAssembliesLoaded (1ms)
			ExecutionOrderSort2 (0ms)
			AwakeInstancesAfterBackupRestoration (25ms)
Platform modules already initialized, skipping
Refreshing native plugins compatible for Editor in 12.36 ms, found 3 plugins.
Preloading 0 native plugins for Editor in 0.00 ms.
Unloading 3583 Unused Serialized files (Serialized files now loaded: 0)
Unloading 23 unused Assets / (151.4 KB). Loaded Objects now: 4140.
Memory consumption went from 128.7 MB to 128.6 MB.
Total: 23.864800 ms (FindLiveObjects: 1.479700 ms CreateObjectMapping: 0.625600 ms MarkObjects: 21.229100 ms  DeleteObjects: 0.527100 ms)

AssetImportParameters requested are different than current active one (requested -> active):
  custom:video-decoder-ogg-theora: a1e56fd34408186e4bbccfd4996cb3dc -> 
  custom:container-muxer-webm: aa71ff27fc2769a1b78a27578f13a17b -> 
  custom:container-demuxer-webm: 4f35f7cbe854078d1ac9338744f61a02 -> 
  custom:video-encoder-webm-vp8: eb34c28f22e8b96e1ab97ce403110664 -> 
  custom:audio-encoder-webm-vorbis: bf7c407c2cedff20999df2af8eb42d56 -> 
  custom:framework-win-MediaFoundation: 216162199b28c13a410421893ffa2e32 -> 
  custom:container-demuxer-ogg: 62fdf1f143b41e24485cea50d1cbac27 -> 
  custom:video-decoder-webm-vp8: 9c59270c3fd7afecdb556c50c9e8de78 -> 
  custom:audio-decoder-ogg-vorbis: bf7c407c2cedff20999df2af8eb42d56 -> 
========================================================================
Received Prepare
Registering precompiled user dll's ...
Registered in 0.033852 seconds.
Begin MonoManager ReloadAssembly
Symbol file LoadedFromMemory doesn't match image C:\Users\Asus\OneDrive\Documents\GitHub\Mini-Golf\Mini-Golf\Library\PackageCache\com.unity.visualscripting@1.7.8\Editor\VisualScripting.Core\Dependencies\YamlDotNet\Unity.VisualScripting.YamlDotNet.dll
Symbol file LoadedFromMemory doesn't match image C:\Users\Asus\OneDrive\Documents\GitHub\Mini-Golf\Mini-Golf\Library\PackageCache\com.unity.visualscripting@1.7.8\Editor\VisualScripting.Core\Dependencies\DotNetZip\Unity.VisualScripting.IonicZip.dll
Native extension for WindowsStandalone target not found
Native extension for iOS target not found
Native extension for Android target not found
Native extension for WebGL target not found
Refreshing native plugins compatible for Editor in 2.25 ms, found 3 plugins.
Preloading 0 native plugins for Editor in 0.00 ms.
Mono: successfully reloaded assembly
- Completed reload, in  8.935 seconds
Domain Reload Profiling:
	ReloadAssembly (8937ms)
		BeginReloadAssembly (834ms)
			ExecutionOrderSort (0ms)
			DisableScriptedObjects (45ms)
			BackupInstance (0ms)
			ReleaseScriptingObjects (0ms)
			CreateAndSetChildDomain (175ms)
		EndReloadAssembly (7392ms)
			LoadAssemblies (797ms)
			RebuildTransferFunctionScriptingTraits (1ms)
			SetupTypeCache (1737ms)
			ReleaseScriptCaches (4ms)
			RebuildScriptCaches (345ms)
			SetupLoadedEditorAssemblies (4095ms)
				LogAssemblyErrors (0ms)
				InitializePlatformSupportModulesInManaged (203ms)
				SetLoadedEditorAssemblies (2ms)
				RefreshPlugins (2ms)
				BeforeProcessingInitializeOnLoad (1908ms)
				ProcessInitializeOnLoadAttributes (1889ms)
				ProcessInitializeOnLoadMethodAttributes (76ms)
				AfterProcessingInitializeOnLoad (14ms)
				EditorAssembliesLoaded (1ms)
			ExecutionOrderSort2 (0ms)
			AwakeInstancesAfterBackupRestoration (13ms)
Platform modules already initialized, skipping
Refreshing native plugins compatible for Editor in 12.25 ms, found 3 plugins.
Preloading 0 native plugins for Editor in 0.00 ms.
Unloading 3583 Unused Serialized files (Serialized files now loaded: 0)
Unloading 23 unused Assets / (151.6 KB). Loaded Objects now: 4155.
Memory consumption went from 128.7 MB to 128.6 MB.
Total: 9.369500 ms (FindLiveObjects: 1.629300 ms CreateObjectMapping: 0.314800 ms MarkObjects: 7.129800 ms  DeleteObjects: 0.284500 ms)

AssetImportParameters requested are different than current active one (requested -> active):
  custom:video-decoder-ogg-theora: a1e56fd34408186e4bbccfd4996cb3dc -> 
  custom:container-muxer-webm: aa71ff27fc2769a1b78a27578f13a17b -> 
  custom:container-demuxer-webm: 4f35f7cbe854078d1ac9338744f61a02 -> 
  custom:video-encoder-webm-vp8: eb34c28f22e8b96e1ab97ce403110664 -> 
  custom:audio-encoder-webm-vorbis: bf7c407c2cedff20999df2af8eb42d56 -> 
  custom:framework-win-MediaFoundation: 216162199b28c13a410421893ffa2e32 -> 
  custom:container-demuxer-ogg: 62fdf1f143b41e24485cea50d1cbac27 -> 
  custom:video-decoder-webm-vp8: 9c59270c3fd7afecdb556c50c9e8de78 -> 
  custom:audio-decoder-ogg-vorbis: bf7c407c2cedff20999df2af8eb42d56 -> 
